----------------------------------------------------------------
Thu Jul 08 08:18:50 BOT 2021:
Booting Derby version The Apache Software Foundation - Apache Derby - 10.11.1.2 - (1629631): instance a816c00e-017a-860e-6dee-00000ec825c0 
on database directory C:\Users\mslopez\source\repos\proyecto-os\PracticaIII\CreacionXML\CreacionXML\PracticaTres with class loader sun.misc.Launcher$AppClassLoader@610455d6 
Loaded from file:/C:/Program%20Files/Java/jdk1.8.0_111/db/lib/derby.jar
java.vendor=Oracle Corporation
java.runtime.version=1.8.0_111-b14
user.dir=C:\Users\mslopez\source\repos\proyecto-os\PracticaIII\CreacionXML\CreacionXML
os.name=Windows 10
os.arch=amd64
os.version=10.0
derby.system.home=null
----------------------------------------------------------------
Thu Jul 08 08:18:50 BOT 2021:
Shutting down instance a816c00e-017a-860e-6dee-00000ec825c0 on database directory C:\Users\mslopez\source\repos\proyecto-os\PracticaIII\CreacionXML\CreacionXML\PracticaTres with class loader sun.misc.Launcher$AppClassLoader@610455d6 
Thu Jul 08 08:18:50 BOT 2021 Thread[main,5,main] Cleanup action starting
java.sql.SQLException: Failed to start database 'PracticaTres' with class loader sun.misc.Launcher$AppClassLoader@610455d6, see the next exception for details.
	at org.apache.derby.impl.jdbc.SQLExceptionFactory.getSQLException(Unknown Source)
	at org.apache.derby.impl.jdbc.SQLExceptionFactory.getSQLException(Unknown Source)
	at org.apache.derby.impl.jdbc.Util.seeNextException(Unknown Source)
	at org.apache.derby.impl.jdbc.EmbedConnection.bootDatabase(Unknown Source)
	at org.apache.derby.impl.jdbc.EmbedConnection.<init>(Unknown Source)
	at org.apache.derby.jdbc.InternalDriver.getNewEmbedConnection(Unknown Source)
	at org.apache.derby.jdbc.InternalDriver.connect(Unknown Source)
	at org.apache.derby.jdbc.InternalDriver.connect(Unknown Source)
	at org.apache.derby.jdbc.AutoloadedDriver.connect(Unknown Source)
	at java.sql.DriverManager.getConnection(DriverManager.java:664)
	at java.sql.DriverManager.getConnection(DriverManager.java:247)
	at conexion.Conexion.iniciarConexion(Conexion.java:33)
	at conexion.Conexion.getConexion(Conexion.java:26)
	at conexion.PrestamoDB.getPrestamosDB(PrestamoDB.java:31)
	at creacionxml.CreacionXML.main(CreacionXML.java:52)
Caused by: ERROR XJ040: Failed to start database 'PracticaTres' with class loader sun.misc.Launcher$AppClassLoader@610455d6, see the next exception for details.
	at org.apache.derby.iapi.error.StandardException.newException(Unknown Source)
	at org.apache.derby.impl.jdbc.SQLExceptionFactory.wrapArgsForTransportAcrossDRDA(Unknown Source)
	... 15 more
Caused by: ERROR XSLAN: Database at C:\Users\mslopez\source\repos\proyecto-os\PracticaIII\CreacionXML\CreacionXML\PracticaTres has an incompatible format with the current version of the software.  The database was created by or upgraded by version 10.14.
	at org.apache.derby.iapi.error.StandardException.newException(Unknown Source)
	at org.apache.derby.iapi.error.StandardException.newException(Unknown Source)
	at org.apache.derby.impl.store.raw.log.LogToFile.readControlFile(Unknown Source)
	at org.apache.derby.impl.store.raw.log.LogToFile.boot(Unknown Source)
	at org.apache.derby.impl.services.monitor.BaseMonitor.boot(Unknown Source)
	at org.apache.derby.impl.services.monitor.TopService.bootModule(Unknown Source)
	at org.apache.derby.impl.services.monitor.BaseMonitor.startModule(Unknown Source)
	at org.apache.derby.impl.services.monitor.FileMonitor.startModule(Unknown Source)
	at org.apache.derby.iapi.services.monitor.Monitor.bootServiceModule(Unknown Source)
	at org.apache.derby.impl.store.raw.data.BaseDataFileFactory.bootLogFactory(Unknown Source)
	at org.apache.derby.impl.store.raw.data.BaseDataFileFactory.setRawStoreFactory(Unknown Source)
	at org.apache.derby.impl.store.raw.RawStore.boot(Unknown Source)
	at org.apache.derby.impl.services.monitor.BaseMonitor.boot(Unknown Source)
	at org.apache.derby.impl.services.monitor.TopService.bootModule(Unknown Source)
	at org.apache.derby.impl.services.monitor.BaseMonitor.startModule(Unknown Source)
	at org.apache.derby.impl.services.monitor.FileMonitor.startModule(Unknown Source)
	at org.apache.derby.iapi.services.monitor.Monitor.bootServiceModule(Unknown Source)
	at org.apache.derby.impl.store.access.RAMAccessManager.boot(Unknown Source)
	at org.apache.derby.impl.services.monitor.BaseMonitor.boot(Unknown Source)
	at org.apache.derby.impl.services.monitor.TopService.bootModule(Unknown Source)
	at org.apache.derby.impl.services.monitor.BaseMonitor.startModule(Unknown Source)
	at org.apache.derby.impl.services.monitor.FileMonitor.startModule(Unknown Source)
	at org.apache.derby.iapi.services.monitor.Monitor.bootServiceModule(Unknown Source)
	at org.apache.derby.impl.db.BasicDatabase.bootStore(Unknown Source)
	at org.apache.derby.impl.db.BasicDatabase.boot(Unknown Source)
	at org.apache.derby.impl.services.monitor.BaseMonitor.boot(Unknown Source)
	at org.apache.derby.impl.services.monitor.TopService.bootModule(Unknown Source)
	at org.apache.derby.impl.services.monitor.BaseMonitor.bootService(Unknown Source)
	at org.apache.derby.impl.services.monitor.BaseMonitor.startProviderService(Unknown Source)
	at org.apache.derby.impl.services.monitor.BaseMonitor.findProviderAndStartService(Unknown Source)
	at org.apache.derby.impl.services.monitor.BaseMonitor.startPersistentService(Unknown Source)
	at org.apache.derby.iapi.services.monitor.Monitor.startPersistentService(Unknown Source)
	... 12 more
============= begin nested exception, level (1) ===========
java.sql.SQLException: Database at C:\Users\mslopez\source\repos\proyecto-os\PracticaIII\CreacionXML\CreacionXML\PracticaTres has an incompatible format with the current version of the software.  The database was created by or upgraded by version 10.14.
	at org.apache.derby.impl.jdbc.SQLExceptionFactory.getSQLException(Unknown Source)
	at org.apache.derby.impl.jdbc.Util.generateCsSQLException(Unknown Source)
	at org.apache.derby.impl.jdbc.EmbedConnection.bootDatabase(Unknown Source)
	at org.apache.derby.impl.jdbc.EmbedConnection.<init>(Unknown Source)
	at org.apache.derby.jdbc.InternalDriver.getNewEmbedConnection(Unknown Source)
	at org.apache.derby.jdbc.InternalDriver.connect(Unknown Source)
	at org.apache.derby.jdbc.InternalDriver.connect(Unknown Source)
	at org.apache.derby.jdbc.AutoloadedDriver.connect(Unknown Source)
	at java.sql.DriverManager.getConnection(DriverManager.java:664)
	at java.sql.DriverManager.getConnection(DriverManager.java:247)
	at conexion.Conexion.iniciarConexion(Conexion.java:33)
	at conexion.Conexion.getConexion(Conexion.java:26)
	at conexion.PrestamoDB.getPrestamosDB(PrestamoDB.java:31)
	at creacionxml.CreacionXML.main(CreacionXML.java:52)
Caused by: ERROR XSLAN: Database at C:\Users\mslopez\source\repos\proyecto-os\PracticaIII\CreacionXML\CreacionXML\PracticaTres has an incompatible format with the current version of the software.  The database was created by or upgraded by version 10.14.
	at org.apache.derby.iapi.error.StandardException.newException(Unknown Source)
	at org.apache.derby.iapi.error.StandardException.newException(Unknown Source)
	at org.apache.derby.impl.store.raw.log.LogToFile.readControlFile(Unknown Source)
	at org.apache.derby.impl.store.raw.log.LogToFile.boot(Unknown Source)
	at org.apache.derby.impl.services.monitor.BaseMonitor.boot(Unknown Source)
	at org.apache.derby.impl.services.monitor.TopService.bootModule(Unknown Source)
	at org.apache.derby.impl.services.monitor.BaseMonitor.startModule(Unknown Source)
	at org.apache.derby.impl.services.monitor.FileMonitor.startModule(Unknown Source)
	at org.apache.derby.iapi.services.monitor.Monitor.bootServiceModule(Unknown Source)
	at org.apache.derby.impl.store.raw.data.BaseDataFileFactory.bootLogFactory(Unknown Source)
	at org.apache.derby.impl.store.raw.data.BaseDataFileFactory.setRawStoreFactory(Unknown Source)
	at org.apache.derby.impl.store.raw.RawStore.boot(Unknown Source)
	at org.apache.derby.impl.services.monitor.BaseMonitor.boot(Unknown Source)
	at org.apache.derby.impl.services.monitor.TopService.bootModule(Unknown Source)
	at org.apache.derby.impl.services.monitor.BaseMonitor.startModule(Unknown Source)
	at org.apache.derby.impl.services.monitor.FileMonitor.startModule(Unknown Source)
	at org.apache.derby.iapi.services.monitor.Monitor.bootServiceModule(Unknown Source)
	at org.apache.derby.impl.store.access.RAMAccessManager.boot(Unknown Source)
	at org.apache.derby.impl.services.monitor.BaseMonitor.boot(Unknown Source)
	at org.apache.derby.impl.services.monitor.TopService.bootModule(Unknown Source)
	at org.apache.derby.impl.services.monitor.BaseMonitor.startModule(Unknown Source)
	at org.apache.derby.impl.services.monitor.FileMonitor.startModule(Unknown Source)
	at org.apache.derby.iapi.services.monitor.Monitor.bootServiceModule(Unknown Source)
	at org.apache.derby.impl.db.BasicDatabase.bootStore(Unknown Source)
	at org.apache.derby.impl.db.BasicDatabase.boot(Unknown Source)
	at org.apache.derby.impl.services.monitor.BaseMonitor.boot(Unknown Source)
	at org.apache.derby.impl.services.monitor.TopService.bootModule(Unknown Source)
	at org.apache.derby.impl.services.monitor.BaseMonitor.bootService(Unknown Source)
	at org.apache.derby.impl.services.monitor.BaseMonitor.startProviderService(Unknown Source)
	at org.apache.derby.impl.services.monitor.BaseMonitor.findProviderAndStartService(Unknown Source)
	at org.apache.derby.impl.services.monitor.BaseMonitor.startPersistentService(Unknown Source)
	at org.apache.derby.iapi.services.monitor.Monitor.startPersistentService(Unknown Source)
	... 12 more
============= end nested exception, level (1) ===========
============= begin nested exception, level (2) ===========
ERROR XSLAN: Database at C:\Users\mslopez\source\repos\proyecto-os\PracticaIII\CreacionXML\CreacionXML\PracticaTres has an incompatible format with the current version of the software.  The database was created by or upgraded by version 10.14.
	at org.apache.derby.iapi.error.StandardException.newException(Unknown Source)
	at org.apache.derby.iapi.error.StandardException.newException(Unknown Source)
	at org.apache.derby.impl.store.raw.log.LogToFile.readControlFile(Unknown Source)
	at org.apache.derby.impl.store.raw.log.LogToFile.boot(Unknown Source)
	at org.apache.derby.impl.services.monitor.BaseMonitor.boot(Unknown Source)
	at org.apache.derby.impl.services.monitor.TopService.bootModule(Unknown Source)
	at org.apache.derby.impl.services.monitor.BaseMonitor.startModule(Unknown Source)
	at org.apache.derby.impl.services.monitor.FileMonitor.startModule(Unknown Source)
	at org.apache.derby.iapi.services.monitor.Monitor.bootServiceModule(Unknown Source)
	at org.apache.derby.impl.store.raw.data.BaseDataFileFactory.bootLogFactory(Unknown Source)
	at org.apache.derby.impl.store.raw.data.BaseDataFileFactory.setRawStoreFactory(Unknown Source)
	at org.apache.derby.impl.store.raw.RawStore.boot(Unknown Source)
	at org.apache.derby.impl.services.monitor.BaseMonitor.boot(Unknown Source)
	at org.apache.derby.impl.services.monitor.TopService.bootModule(Unknown Source)
	at org.apache.derby.impl.services.monitor.BaseMonitor.startModule(Unknown Source)
	at org.apache.derby.impl.services.monitor.FileMonitor.startModule(Unknown Source)
	at org.apache.derby.iapi.services.monitor.Monitor.bootServiceModule(Unknown Source)
	at org.apache.derby.impl.store.access.RAMAccessManager.boot(Unknown Source)
	at org.apache.derby.impl.services.monitor.BaseMonitor.boot(Unknown Source)
	at org.apache.derby.impl.services.monitor.TopService.bootModule(Unknown Source)
	at org.apache.derby.impl.services.monitor.BaseMonitor.startModule(Unknown Source)
	at org.apache.derby.impl.services.monitor.FileMonitor.startModule(Unknown Source)
	at org.apache.derby.iapi.services.monitor.Monitor.bootServiceModule(Unknown Source)
	at org.apache.derby.impl.db.BasicDatabase.bootStore(Unknown Source)
	at org.apache.derby.impl.db.BasicDatabase.boot(Unknown Source)
	at org.apache.derby.impl.services.monitor.BaseMonitor.boot(Unknown Source)
	at org.apache.derby.impl.services.monitor.TopService.bootModule(Unknown Source)
	at org.apache.derby.impl.services.monitor.BaseMonitor.bootService(Unknown Source)
	at org.apache.derby.impl.services.monitor.BaseMonitor.startProviderService(Unknown Source)
	at org.apache.derby.impl.services.monitor.BaseMonitor.findProviderAndStartService(Unknown Source)
	at org.apache.derby.impl.services.monitor.BaseMonitor.startPersistentService(Unknown Source)
	at org.apache.derby.iapi.services.monitor.Monitor.startPersistentService(Unknown Source)
	at org.apache.derby.impl.jdbc.EmbedConnection.bootDatabase(Unknown Source)
	at org.apache.derby.impl.jdbc.EmbedConnection.<init>(Unknown Source)
	at org.apache.derby.jdbc.InternalDriver.getNewEmbedConnection(Unknown Source)
	at org.apache.derby.jdbc.InternalDriver.connect(Unknown Source)
	at org.apache.derby.jdbc.InternalDriver.connect(Unknown Source)
	at org.apache.derby.jdbc.AutoloadedDriver.connect(Unknown Source)
	at java.sql.DriverManager.getConnection(DriverManager.java:664)
	at java.sql.DriverManager.getConnection(DriverManager.java:247)
	at conexion.Conexion.iniciarConexion(Conexion.java:33)
	at conexion.Conexion.getConexion(Conexion.java:26)
	at conexion.PrestamoDB.getPrestamosDB(PrestamoDB.java:31)
	at creacionxml.CreacionXML.main(CreacionXML.java:52)
============= end nested exception, level (2) ===========
Cleanup action completed
